Determining if the pthread_create exist failed with the following output:
Change Dir: /home/davidhan/book_code/chapter_3/NDT_PCL_demo/cmake-build-debug/CMakeFiles/CMakeTmp

Run Build Command(s):/usr/bin/make cmTC_affaa/fast 
/usr/bin/make -f CMakeFiles/cmTC_affaa.dir/build.make CMakeFiles/cmTC_affaa.dir/build
make[1]: Entering directory '/home/davidhan/book_code/chapter_3/NDT_PCL_demo/cmake-build-debug/CMakeFiles/CMakeTmp'
Building C object CMakeFiles/cmTC_affaa.dir/CheckSymbolExists.c.o
/usr/bin/cc    -o CMakeFiles/cmTC_affaa.dir/CheckSymbolExists.c.o   -c /home/davidhan/book_code/chapter_3/NDT_PCL_demo/cmake-build-debug/CMakeFiles/CMakeTmp/CheckSymbolExists.c
Linking C executable cmTC_affaa
/home/davidhan/Downloads/clion-2019.1.3/bin/cmake/linux/bin/cmake -E cmake_link_script CMakeFiles/cmTC_affaa.dir/link.txt --verbose=1
/usr/bin/cc      -rdynamic CMakeFiles/cmTC_affaa.dir/CheckSymbolExists.c.o  -o cmTC_affaa 
CMakeFiles/cmTC_affaa.dir/CheckSymbolExists.c.o：在函数‘main’中：
CheckSymbolExists.c:(.text+0x16)：对‘pthread_create’未定义的引用
collect2: error: ld returned 1 exit status
CMakeFiles/cmTC_affaa.dir/build.make:86: recipe for target 'cmTC_affaa' failed
make[1]: *** [cmTC_affaa] Error 1
make[1]: Leaving directory '/home/davidhan/book_code/chapter_3/NDT_PCL_demo/cmake-build-debug/CMakeFiles/CMakeTmp'
Makefile:121: recipe for target 'cmTC_affaa/fast' failed
make: *** [cmTC_affaa/fast] Error 2

File /home/davidhan/book_code/chapter_3/NDT_PCL_demo/cmake-build-debug/CMakeFiles/CMakeTmp/CheckSymbolExists.c:
/* */
#include <pthread.h>

int main(int argc, char** argv)
{
  (void)argv;
#ifndef pthread_create
  return ((int*)(&pthread_create))[argc];
#else
  (void)argc;
  return 0;
#endif
}

Determining if the function pthread_create exists in the pthreads failed with the following output:
Change Dir: /home/davidhan/book_code/chapter_3/NDT_PCL_demo/cmake-build-debug/CMakeFiles/CMakeTmp

Run Build Command(s):/usr/bin/make cmTC_4b389/fast 
/usr/bin/make -f CMakeFiles/cmTC_4b389.dir/build.make CMakeFiles/cmTC_4b389.dir/build
make[1]: Entering directory '/home/davidhan/book_code/chapter_3/NDT_PCL_demo/cmake-build-debug/CMakeFiles/CMakeTmp'
Building C object CMakeFiles/cmTC_4b389.dir/CheckFunctionExists.c.o
/usr/bin/cc   -DCHECK_FUNCTION_EXISTS=pthread_create   -o CMakeFiles/cmTC_4b389.dir/CheckFunctionExists.c.o   -c /home/davidhan/Downloads/clion-2019.1.3/bin/cmake/linux/share/cmake-3.14/Modules/CheckFunctionExists.c
Linking C executable cmTC_4b389
/home/davidhan/Downloads/clion-2019.1.3/bin/cmake/linux/bin/cmake -E cmake_link_script CMakeFiles/cmTC_4b389.dir/link.txt --verbose=1
/usr/bin/cc  -DCHECK_FUNCTION_EXISTS=pthread_create    -rdynamic CMakeFiles/cmTC_4b389.dir/CheckFunctionExists.c.o  -o cmTC_4b389 -lpthreads 
/usr/bin/ld: 找不到 -lpthreads
collect2: error: ld returned 1 exit status
CMakeFiles/cmTC_4b389.dir/build.make:86: recipe for target 'cmTC_4b389' failed
make[1]: *** [cmTC_4b389] Error 1
make[1]: Leaving directory '/home/davidhan/book_code/chapter_3/NDT_PCL_demo/cmake-build-debug/CMakeFiles/CMakeTmp'
Makefile:121: recipe for target 'cmTC_4b389/fast' failed
make: *** [cmTC_4b389/fast] Error 2


